11:16:46.197 [main] DEBUG org.apache.poi.openxml4j.opc.PackageRelationshipCollection - Parsing relationship: /xl/_rels/workbook.xml.rels
11:16:46.209 [main] DEBUG org.apache.poi.openxml4j.opc.PackageRelationshipCollection - Parsing relationship: /_rels/.rels
11:16:46.663 [main] INFO  testCases.TC_005_Tooltips - *****Test case 1 START******
11:17:01.095 [main] INFO  testCases.TC_005_Tooltips - Getting User Details
11:17:01.097 [main] INFO  testCases.TC_005_Tooltips - Navigating to OneC portal
11:17:01.191 [main] INFO  testCases.TC_005_Tooltips - One Cognizant Page
11:17:01.193 [main] INFO  testCases.TC_005_Tooltips - Searching a GSD in search button and Click GSD
11:17:06.409 [main] INFO  testCases.TC_005_Tooltips - --GSD Page--
11:17:09.395 [main] INFO  testCases.TC_005_Tooltips - Success Message is Displayed
11:17:14.443 [main] INFO  testCases.TC_005_Tooltips - Validate the Success Message
11:17:14.445 [main] INFO  testCases.TC_005_Tooltips - Test Cases 1 passes Succes Message
11:17:17.447 [main] INFO  testCases.TC_005_Tooltips - *****Test case 1 END******
11:17:17.575 [main] DEBUG org.apache.poi.openxml4j.opc.PackageRelationshipCollection - Parsing relationship: /xl/_rels/workbook.xml.rels
11:17:17.576 [main] DEBUG org.apache.poi.openxml4j.opc.PackageRelationshipCollection - Parsing relationship: /_rels/.rels
11:17:17.609 [main] INFO  testCases.TC_005_Tooltips - *****Test case 2 START******
11:17:17.609 [main] INFO  testCases.TC_005_Tooltips - Check Default Country
11:17:20.206 [main] INFO  testCases.TC_005_Tooltips - Validate the Country
11:17:20.206 [main] INFO  testCases.TC_005_Tooltips - Default Country is Passed
11:17:20.206 [main] INFO  testCases.TC_005_Tooltips - *****Test case 2 END******
11:17:20.377 [main] DEBUG org.apache.poi.openxml4j.opc.PackageRelationshipCollection - Parsing relationship: /xl/_rels/workbook.xml.rels
11:17:20.378 [main] DEBUG org.apache.poi.openxml4j.opc.PackageRelationshipCollection - Parsing relationship: /_rels/.rels
11:17:20.394 [main] INFO  testCases.TC_005_Tooltips - *****Test case 3 START******
11:17:20.394 [main] INFO  testCases.TC_005_Tooltips - Check Default Language
11:17:20.416 [main] INFO  testCases.TC_005_Tooltips - Validate the default Language
11:17:20.416 [main] INFO  testCases.TC_005_Tooltips - Default Language is Passed
11:17:20.416 [main] INFO  testCases.TC_005_Tooltips - *****Test case 3 END******
11:17:20.548 [main] INFO  testCases.TC_005_Tooltips - *****Test case 4 START******
11:17:20.549 [main] INFO  testCases.TC_005_Tooltips - Getting List of the Languages
11:17:25.755 [main] INFO  testCases.TC_005_Tooltips - *****Test case 4 END******
11:17:25.911 [main] DEBUG org.apache.poi.openxml4j.opc.PackageRelationshipCollection - Parsing relationship: /xl/_rels/workbook.xml.rels
11:17:25.912 [main] DEBUG org.apache.poi.openxml4j.opc.PackageRelationshipCollection - Parsing relationship: /_rels/.rels
11:17:25.940 [main] INFO  testCases.TC_005_Tooltips - *****Test case 5 START******
11:17:25.940 [main] INFO  testCases.TC_005_Tooltips - Getting Tooltips 
11:17:41.852 [main] INFO  testCases.TC_005_Tooltips - *****Test case 5 END******
11:17:53.172 [main] INFO  testCases.TC_005_Tooltips - -----Ended-----
11:23:25.824 [main] DEBUG org.apache.poi.openxml4j.opc.PackageRelationshipCollection - Parsing relationship: /xl/_rels/workbook.xml.rels
11:23:25.838 [main] DEBUG org.apache.poi.openxml4j.opc.PackageRelationshipCollection - Parsing relationship: /_rels/.rels
11:33:28.175 [main] DEBUG org.apache.poi.openxml4j.opc.PackageRelationshipCollection - Parsing relationship: /xl/_rels/workbook.xml.rels
11:33:28.181 [main] DEBUG org.apache.poi.openxml4j.opc.PackageRelationshipCollection - Parsing relationship: /_rels/.rels
11:35:36.506 [main] DEBUG org.apache.poi.openxml4j.opc.PackageRelationshipCollection - Parsing relationship: /xl/_rels/workbook.xml.rels
11:35:36.511 [main] DEBUG org.apache.poi.openxml4j.opc.PackageRelationshipCollection - Parsing relationship: /_rels/.rels
11:36:12.033 [main] DEBUG org.apache.poi.openxml4j.opc.PackageRelationshipCollection - Parsing relationship: /xl/_rels/workbook.xml.rels
11:36:12.035 [main] DEBUG org.apache.poi.openxml4j.opc.PackageRelationshipCollection - Parsing relationship: /_rels/.rels
11:36:12.191 [main] DEBUG org.apache.poi.openxml4j.opc.PackageRelationshipCollection - Parsing relationship: /xl/_rels/workbook.xml.rels
11:36:12.192 [main] DEBUG org.apache.poi.openxml4j.opc.PackageRelationshipCollection - Parsing relationship: /_rels/.rels
11:36:17.638 [main] DEBUG org.apache.poi.openxml4j.opc.PackageRelationshipCollection - Parsing relationship: /xl/_rels/workbook.xml.rels
11:36:17.639 [main] DEBUG org.apache.poi.openxml4j.opc.PackageRelationshipCollection - Parsing relationship: /_rels/.rels
12:47:14.678 [main] DEBUG org.apache.poi.openxml4j.opc.PackageRelationshipCollection - Parsing relationship: /xl/_rels/workbook.xml.rels
12:47:14.683 [main] DEBUG org.apache.poi.openxml4j.opc.PackageRelationshipCollection - Parsing relationship: /_rels/.rels
