11:52:08.657 [main] DEBUG org.apache.poi.openxml4j.opc.PackageRelationshipCollection - Parsing relationship: /_rels/.rels
11:52:08.680 [main] INFO  testCases.TC_005_Tooltips - *****Test case 3 START******
11:52:08.681 [main] INFO  testCases.TC_005_Tooltips - Check Default Language
11:52:08.702 [main] INFO  testCases.TC_005_Tooltips - Validate the default Language
11:52:08.702 [main] INFO  testCases.TC_005_Tooltips - Default Language is Passed
11:52:08.702 [main] INFO  testCases.TC_005_Tooltips - *****Test case 3 END******
11:52:08.814 [main] INFO  testCases.TC_005_Tooltips - *****Test case 4 START******
11:52:08.816 [main] INFO  testCases.TC_005_Tooltips - Getting List of the Languages
11:52:13.998 [main] INFO  testCases.TC_005_Tooltips - *****Test case 4 END******
11:52:14.176 [main] DEBUG org.apache.poi.openxml4j.opc.PackageRelationshipCollection - Parsing relationship: /xl/_rels/workbook.xml.rels
11:52:14.176 [main] DEBUG org.apache.poi.openxml4j.opc.PackageRelationshipCollection - Parsing relationship: /_rels/.rels
11:52:14.201 [main] INFO  testCases.TC_005_Tooltips - *****Test case 5 START******
11:52:14.201 [main] INFO  testCases.TC_005_Tooltips - Getting Tooltips 
11:53:07.794 [main] INFO  testCases.TC_005_Tooltips - Error makes in getting Tooltips 
11:53:13.685 [main] INFO  testCases.TC_005_Tooltips - -----Ended-----
15:35:12.946 [main] INFO  testCases.TC_005_Tooltips - -----Testing Started------
15:35:36.266 [main] DEBUG org.apache.poi.openxml4j.opc.PackageRelationshipCollection - Parsing relationship: /xl/_rels/workbook.xml.rels
15:35:36.269 [main] DEBUG org.apache.poi.openxml4j.opc.PackageRelationshipCollection - Parsing relationship: /_rels/.rels
15:35:36.773 [main] INFO  testCases.TC_005_Tooltips - *****Test case 1 START******
15:36:10.269 [main] INFO  testCases.TC_005_Tooltips - -----Testing Started------
15:36:20.967 [main] DEBUG org.apache.poi.openxml4j.opc.PackageRelationshipCollection - Parsing relationship: /xl/_rels/workbook.xml.rels
15:36:20.971 [main] DEBUG org.apache.poi.openxml4j.opc.PackageRelationshipCollection - Parsing relationship: /_rels/.rels
15:36:21.479 [main] INFO  testCases.TC_005_Tooltips - *****Test case 1 START******
15:36:36.159 [main] INFO  testCases.TC_005_Tooltips - Getting User Details
15:36:36.159 [main] INFO  testCases.TC_005_Tooltips - Navigating to OneC portal
15:36:36.264 [main] INFO  testCases.TC_005_Tooltips - One Cognizant Page
15:36:36.266 [main] INFO  testCases.TC_005_Tooltips - Searching a GSD in search button and Click GSD
15:36:41.674 [main] INFO  testCases.TC_005_Tooltips - --GSD Page--
15:36:43.281 [main] INFO  testCases.TC_005_Tooltips - Success Message is Displayed
15:36:48.373 [main] INFO  testCases.TC_005_Tooltips - Validate the Success Message
15:36:48.376 [main] INFO  testCases.TC_005_Tooltips - Test Cases 1 passes Succes Message
15:36:51.381 [main] INFO  testCases.TC_005_Tooltips - *****Test case 1 END******
15:36:51.642 [main] DEBUG org.apache.poi.openxml4j.opc.PackageRelationshipCollection - Parsing relationship: /xl/_rels/workbook.xml.rels
15:36:51.643 [main] DEBUG org.apache.poi.openxml4j.opc.PackageRelationshipCollection - Parsing relationship: /_rels/.rels
15:36:51.671 [main] INFO  testCases.TC_005_Tooltips - *****Test case 2 START******
15:36:51.672 [main] INFO  testCases.TC_005_Tooltips - Check Default Country
15:36:51.707 [main] INFO  testCases.TC_005_Tooltips - Validate the Country
15:36:51.707 [main] INFO  testCases.TC_005_Tooltips - Default Country is Passed
15:36:51.707 [main] INFO  testCases.TC_005_Tooltips - *****Test case 2 END******
15:36:51.858 [main] DEBUG org.apache.poi.openxml4j.opc.PackageRelationshipCollection - Parsing relationship: /xl/_rels/workbook.xml.rels
15:36:51.859 [main] DEBUG org.apache.poi.openxml4j.opc.PackageRelationshipCollection - Parsing relationship: /_rels/.rels
15:36:51.885 [main] INFO  testCases.TC_005_Tooltips - *****Test case 3 START******
15:36:51.885 [main] INFO  testCases.TC_005_Tooltips - Check Default Language
15:36:51.915 [main] INFO  testCases.TC_005_Tooltips - Validate the default Language
15:36:51.915 [main] INFO  testCases.TC_005_Tooltips - Default Language is Passed
15:36:51.915 [main] INFO  testCases.TC_005_Tooltips - *****Test case 3 END******
15:36:52.060 [main] INFO  testCases.TC_005_Tooltips - *****Test case 4 START******
15:36:52.061 [main] INFO  testCases.TC_005_Tooltips - Getting List of the Languages
15:36:57.328 [main] INFO  testCases.TC_005_Tooltips - *****Test case 4 END******
15:36:57.505 [main] DEBUG org.apache.poi.openxml4j.opc.PackageRelationshipCollection - Parsing relationship: /xl/_rels/workbook.xml.rels
15:36:57.506 [main] DEBUG org.apache.poi.openxml4j.opc.PackageRelationshipCollection - Parsing relationship: /_rels/.rels
15:36:57.542 [main] INFO  testCases.TC_005_Tooltips - *****Test case 5 START******
15:36:57.543 [main] INFO  testCases.TC_005_Tooltips - Getting Tooltips 
15:37:07.806 [main] INFO  testCases.TC_005_Tooltips - *****Test case 5 END******
